c:\official\hw_decoder\hw_decoder\debug\hw_decoder.pch
c:\official\hw_decoder\hw_decoder\debug\vc120.pdb
c:\official\hw_decoder\hw_decoder\debug\vc120.idb
c:\official\hw_decoder\hw_decoder\debug\stdafx.obj
c:\official\hw_decoder\hw_decoder\debug\hw_decoder.obj
c:\personal_development\git_hub_projects\hw_decoder\hw_decoder\debug\hw_decoder.pch
c:\personal_development\git_hub_projects\hw_decoder\hw_decoder\debug\vc140.pdb
c:\personal_development\git_hub_projects\hw_decoder\hw_decoder\debug\vc140.idb
c:\personal_development\git_hub_projects\hw_decoder\hw_decoder\debug\stdafx.obj
c:\personal_development\git_hub_projects\hw_decoder\hw_decoder\debug\hw_decoder.obj
c:\personal-development\1.learning-ffmpeg\hw_decoder\hw_decoder\debug\hw_decoder.pch
c:\personal-development\1.learning-ffmpeg\hw_decoder\hw_decoder\debug\vc142.pdb
c:\personal-development\1.learning-ffmpeg\hw_decoder\hw_decoder\debug\vc142.idb
c:\personal-development\1.learning-ffmpeg\hw_decoder\hw_decoder\debug\stdafx.obj
c:\personal-development\1.learning-ffmpeg\hw_decoder\hw_decoder\debug\hw_decoder.obj
c:\official\hw_decoder\debug\hw_decoder.ilk
c:\official\hw_decoder\debug\hw_decoder.exe
c:\official\hw_decoder\debug\hw_decoder.pdb
c:\personal_development\git_hub_projects\hw_decoder\debug\hw_decoder.ilk
c:\personal_development\git_hub_projects\hw_decoder\debug\hw_decoder.exe
c:\personal_development\git_hub_projects\hw_decoder\debug\hw_decoder.pdb
c:\personal-development\1.learning-ffmpeg\hw_decoder\debug\hw_decoder.ilk
c:\personal-development\1.learning-ffmpeg\hw_decoder\debug\hw_decoder.exe
c:\personal-development\1.learning-ffmpeg\hw_decoder\debug\hw_decoder.pdb
c:\personal-development\1.learning-ffmpeg\hw_decoder\hw_decoder\debug\vc140.idb
c:\personal-development\1.learning-ffmpeg\hw_decoder\hw_decoder\debug\vc140.pdb
c:\personal-development\1.learning-ffmpeg\hw_decoder\hw_decoder\debug\hw_decoder.tlog\cl.command.1.tlog
c:\personal-development\1.learning-ffmpeg\hw_decoder\hw_decoder\debug\hw_decoder.tlog\cl.read.1.tlog
c:\personal-development\1.learning-ffmpeg\hw_decoder\hw_decoder\debug\hw_decoder.tlog\cl.write.1.tlog
c:\personal-development\1.learning-ffmpeg\hw_decoder\hw_decoder\debug\hw_decoder.tlog\link.command.1.tlog
c:\personal-development\1.learning-ffmpeg\hw_decoder\hw_decoder\debug\hw_decoder.tlog\link.delete.1.tlog
c:\personal-development\1.learning-ffmpeg\hw_decoder\hw_decoder\debug\hw_decoder.tlog\link.read.1.tlog
c:\personal-development\1.learning-ffmpeg\hw_decoder\hw_decoder\debug\hw_decoder.tlog\link.write.1.tlog
